<?xml version="1.0" encoding="UTF-8"?>
<testng-results skipped="0" failed="1" total="1" passed="0">
  <reporter-output>
  </reporter-output>
  <suite name="Default suite" duration-ms="33962" started-at="2016-06-02T11:18:29Z" finished-at="2016-06-02T11:19:03Z">
    <groups>
    </groups>
    <test name="Default test" duration-ms="33962" started-at="2016-06-02T11:18:29Z" finished-at="2016-06-02T11:19:03Z">
      <class name="FailedOrNotYet.StepLogo">
        <test-method status="PASS" signature="setup()[pri:0, instance:FailedOrNotYet.StepLogo@3d285d7e]" name="setup" is-config="true" duration-ms="8169" started-at="2016-06-02T14:18:29Z" finished-at="2016-06-02T14:18:37Z">
          <reporter-output>
          </reporter-output>
        </test-method> <!-- setup -->
        <test-method status="FAIL" signature="clicklogo()[pri:0, instance:FailedOrNotYet.StepLogo@3d285d7e]" name="clicklogo" duration-ms="23929" started-at="2016-06-02T14:18:37Z" finished-at="2016-06-02T14:19:01Z">
          <exception class="org.junit.ComparisonFailure">
            <message>
              <![CDATA[expected:<[http://www.thessaloniki.gr/portal/page/portal/DimosThessalonikis]> but was:<[prop.getProperty("logourl")]>]]>
            </message>
            <full-stacktrace>
              <![CDATA[org.junit.ComparisonFailure: expected:<[http://www.thessaloniki.gr/portal/page/portal/DimosThessalonikis]> but was:<[prop.getProperty("logourl")]>
	at org.junit.Assert.assertEquals(Assert.java:115)
	at org.junit.Assert.assertEquals(Assert.java:144)
	at FailedOrNotYet.StepLogo.clicklogo(StepLogo.java:71)
	at sun.reflect.NativeMethodAccessorImpl.invoke0(Native Method)
	at sun.reflect.NativeMethodAccessorImpl.invoke(Unknown Source)
	at sun.reflect.DelegatingMethodAccessorImpl.invoke(Unknown Source)
	at java.lang.reflect.Method.invoke(Unknown Source)
	at org.testng.internal.MethodInvocationHelper.invokeMethod(MethodInvocationHelper.java:86)
	at org.testng.internal.Invoker.invokeMethod(Invoker.java:645)
	at org.testng.internal.Invoker.invokeTestMethod(Invoker.java:822)
	at org.testng.internal.Invoker.invokeTestMethods(Invoker.java:1130)
	at org.testng.internal.TestMethodWorker.invokeTestMethods(TestMethodWorker.java:129)
	at org.testng.internal.TestMethodWorker.run(TestMethodWorker.java:112)
	at org.testng.TestRunner.privateRun(TestRunner.java:782)
	at org.testng.TestRunner.run(TestRunner.java:632)
	at org.testng.SuiteRunner.runTest(SuiteRunner.java:366)
	at org.testng.SuiteRunner.runSequentially(SuiteRunner.java:361)
	at org.testng.SuiteRunner.privateRun(SuiteRunner.java:319)
	at org.testng.SuiteRunner.run(SuiteRunner.java:268)
	at org.testng.SuiteRunnerWorker.runSuite(SuiteRunnerWorker.java:52)
	at org.testng.SuiteRunnerWorker.run(SuiteRunnerWorker.java:86)
	at org.testng.TestNG.runSuitesSequentially(TestNG.java:1244)
	at org.testng.TestNG.runSuitesLocally(TestNG.java:1169)
	at org.testng.TestNG.run(TestNG.java:1064)
	at org.testng.remote.RemoteTestNG.run(RemoteTestNG.java:113)
	at org.testng.remote.RemoteTestNG.initAndRun(RemoteTestNG.java:206)
	at org.testng.remote.RemoteTestNG.main(RemoteTestNG.java:177)
]]>
            </full-stacktrace>
          </exception> <!-- org.junit.ComparisonFailure -->
          <reporter-output>
          </reporter-output>
        </test-method> <!-- clicklogo -->
        <test-method status="PASS" signature="aftertest()[pri:0, instance:FailedOrNotYet.StepLogo@3d285d7e]" name="aftertest" is-config="true" duration-ms="1819" started-at="2016-06-02T14:19:01Z" finished-at="2016-06-02T14:19:03Z">
          <reporter-output>
          </reporter-output>
        </test-method> <!-- aftertest -->
      </class> <!-- FailedOrNotYet.StepLogo -->
    </test> <!-- Default test -->
  </suite> <!-- Default suite -->
</testng-results>
